  Source.c
c:\users\adeli\source\repos\problematp_lab7\problematp_lab7\source.c(15): warning C4091: 'typedef ': ignored on left of 'AckermanStack' when no variable is declared
c:\users\adeli\source\repos\problematp_lab7\problematp_lab7\source.c(17): error C2143: syntax error: missing ')' before '*'
c:\users\adeli\source\repos\problematp_lab7\problematp_lab7\source.c(17): error C2143: syntax error: missing '{' before '*'
c:\users\adeli\source\repos\problematp_lab7\problematp_lab7\source.c(17): error C2059: syntax error: 'type'
c:\users\adeli\source\repos\problematp_lab7\problematp_lab7\source.c(17): error C2059: syntax error: ')'
c:\users\adeli\source\repos\problematp_lab7\problematp_lab7\source.c(18): error C2061: syntax error: identifier 'Pop'
c:\users\adeli\source\repos\problematp_lab7\problematp_lab7\source.c(18): error C2059: syntax error: ';'
c:\users\adeli\source\repos\problematp_lab7\problematp_lab7\source.c(18): error C2143: syntax error: missing ')' before '*'
c:\users\adeli\source\repos\problematp_lab7\problematp_lab7\source.c(18): error C2143: syntax error: missing '{' before '*'
c:\users\adeli\source\repos\problematp_lab7\problematp_lab7\source.c(18): error C2059: syntax error: 'type'
c:\users\adeli\source\repos\problematp_lab7\problematp_lab7\source.c(18): error C2059: syntax error: ')'
c:\users\adeli\source\repos\problematp_lab7\problematp_lab7\source.c(21): error C2143: syntax error: missing ')' before '*'
c:\users\adeli\source\repos\problematp_lab7\problematp_lab7\source.c(21): error C2143: syntax error: missing '{' before '*'
c:\users\adeli\source\repos\problematp_lab7\problematp_lab7\source.c(21): error C2059: syntax error: 'type'
c:\users\adeli\source\repos\problematp_lab7\problematp_lab7\source.c(21): error C2059: syntax error: ')'
c:\users\adeli\source\repos\problematp_lab7\problematp_lab7\source.c(22): error C2146: syntax error: missing ')' before identifier 'Val'
c:\users\adeli\source\repos\problematp_lab7\problematp_lab7\source.c(22): error C2061: syntax error: identifier 'Val'
c:\users\adeli\source\repos\problematp_lab7\problematp_lab7\source.c(22): error C2059: syntax error: ';'
c:\users\adeli\source\repos\problematp_lab7\problematp_lab7\source.c(22): error C2059: syntax error: ')'
c:\users\adeli\source\repos\problematp_lab7\problematp_lab7\source.c(23): error C2061: syntax error: identifier 'MyStack'
c:\users\adeli\source\repos\problematp_lab7\problematp_lab7\source.c(23): error C2059: syntax error: ';'
c:\users\adeli\source\repos\problematp_lab7\problematp_lab7\source.c(23): error C2059: syntax error: '['
c:\users\adeli\source\repos\problematp_lab7\problematp_lab7\source.c(27): error C2143: syntax error: missing ')' before '*'
c:\users\adeli\source\repos\problematp_lab7\problematp_lab7\source.c(27): error C2081: '_TCHAR': name in formal parameter list illegal
c:\users\adeli\source\repos\problematp_lab7\problematp_lab7\source.c(27): error C2143: syntax error: missing '{' before '*'
c:\users\adeli\source\repos\problematp_lab7\problematp_lab7\source.c(27): error C2059: syntax error: ')'
c:\users\adeli\source\repos\problematp_lab7\problematp_lab7\source.c(28): error C2054: expected '(' to follow 'argv'
c:\users\adeli\source\repos\problematp_lab7\problematp_lab7\source.c(42): error C2143: syntax error: missing ')' before '*'
c:\users\adeli\source\repos\problematp_lab7\problematp_lab7\source.c(42): error C2143: syntax error: missing '{' before '*'
c:\users\adeli\source\repos\problematp_lab7\problematp_lab7\source.c(42): error C2059: syntax error: 'type'
c:\users\adeli\source\repos\problematp_lab7\problematp_lab7\source.c(42): error C2059: syntax error: ')'
c:\users\adeli\source\repos\problematp_lab7\problematp_lab7\source.c(61): error C2143: syntax error: missing ')' before '*'
c:\users\adeli\source\repos\problematp_lab7\problematp_lab7\source.c(61): error C2143: syntax error: missing '{' before '*'
c:\users\adeli\source\repos\problematp_lab7\problematp_lab7\source.c(61): error C2059: syntax error: 'type'
c:\users\adeli\source\repos\problematp_lab7\problematp_lab7\source.c(61): error C2059: syntax error: ')'
c:\users\adeli\source\repos\problematp_lab7\problematp_lab7\source.c(76): error C2061: syntax error: identifier 'Pop'
c:\users\adeli\source\repos\problematp_lab7\problematp_lab7\source.c(76): error C2059: syntax error: ';'
c:\users\adeli\source\repos\problematp_lab7\problematp_lab7\source.c(76): error C2143: syntax error: missing ')' before '*'
c:\users\adeli\source\repos\problematp_lab7\problematp_lab7\source.c(76): error C2143: syntax error: missing '{' before '*'
c:\users\adeli\source\repos\problematp_lab7\problematp_lab7\source.c(76): error C2059: syntax error: 'type'
c:\users\adeli\source\repos\problematp_lab7\problematp_lab7\source.c(76): error C2059: syntax error: ')'
c:\users\adeli\source\repos\problematp_lab7\problematp_lab7\source.c(93): error C2146: syntax error: missing ')' before identifier 'Val'
c:\users\adeli\source\repos\problematp_lab7\problematp_lab7\source.c(93): error C2061: syntax error: identifier 'Val'
c:\users\adeli\source\repos\problematp_lab7\problematp_lab7\source.c(93): error C2059: syntax error: ';'
c:\users\adeli\source\repos\problematp_lab7\problematp_lab7\source.c(93): error C2059: syntax error: ')'
c:\users\adeli\source\repos\problematp_lab7\problematp_lab7\source.c(94): error C2449: found '{' at file scope (missing function header?)
c:\users\adeli\source\repos\problematp_lab7\problematp_lab7\source.c(133): error C2059: syntax error: '}'
